17:13:35 **** Build of configuration x86_64-debug for project metronome ****
make -j12 all 
qcc -Vgcc_ntox86_64 -c -Wp,-MMD,build/x86_64-debug/src/metronome.d,-MT,build/x86_64-debug/src/metronome.o -o build/x86_64-debug/src/metronome.o  -Wall -fmessage-length=0 -g -O0 -fno-builtin  src/metronome.c
qcc -Vgcc_ntox86_64 -o build/x86_64-debug/metronome   build/x86_64-debug/src/metronome.o  
17:07:02 **** Incremental Build of configuration x86_64-debug for project metronome ****
make -j12 all 
qcc -Vgcc_ntox86_64 -c -Wp,-MMD,build/x86_64-debug/src/metronome.d,-MT,build/x86_64-debug/src/metronome.o -o build/x86_64-debug/src/metronome.o  -Wall -fmessage-length=0 -g -O0 -fno-builtin  src/metronome.c
qcc -Vgcc_ntox86_64 -o build/x86_64-debug/metronome   build/x86_64-debug/src/metronome.o  
18:40:22 **** Incremental Build of configuration x86_64-debug for project metronome ****
make -j12 all 
qcc -Vgcc_ntox86_64 -c -Wp,-MMD,build/x86_64-debug/src/metronome.d,-MT,build/x86_64-debug/src/metronome.o -o build/x86_64-debug/src/metronome.o  -Wall -fmessage-length=0 -g -O0 -fno-builtin  src/metronome.c
qcc -Vgcc_ntox86_64 -o build/x86_64-debug/metronome   build/x86_64-debug/src/metronome.o  
18:42:50 **** Incremental Build of configuration x86_64-debug for project metronome ****
make -j12 all 
qcc -Vgcc_ntox86_64 -c -Wp,-MMD,build/x86_64-debug/src/metronome.d,-MT,build/x86_64-debug/src/metronome.o -o build/x86_64-debug/src/metronome.o  -Wall -fmessage-length=0 -g -O0 -fno-builtin  src/metronome.c
qcc -Vgcc_ntox86_64 -o build/x86_64-debug/metronome   build/x86_64-debug/src/metronome.o  
18:43:02 **** Incremental Build of configuration x86_64-debug for project metronome ****
make -j12 all 
make: Nothing to be done for 'all'.
18:43:10 **** Incremental Build of configuration x86_64-debug for project metronome ****
make -j12 all 
make: Nothing to be done for 'all'.
18:43:38 **** Incremental Build of configuration x86_64-debug for project metronome ****
make -j12 all 
make: Nothing to be done for 'all'.
18:43:59 **** Incremental Build of configuration x86_64-debug for project metronome ****
make -j12 all 
qcc -Vgcc_ntox86_64 -c -Wp,-MMD,build/x86_64-debug/src/metronome.d,-MT,build/x86_64-debug/src/metronome.o -o build/x86_64-debug/src/metronome.o  -Wall -fmessage-length=0 -g -O0 -fno-builtin  src/metronome.c
qcc -Vgcc_ntox86_64 -o build/x86_64-debug/metronome   build/x86_64-debug/src/metronome.o  
18:44:17 **** Incremental Build of configuration x86_64-debug for project metronome ****
make -j12 all 
make: Nothing to be done for 'all'.
18:44:23 **** Incremental Build of configuration x86_64-debug for project metronome ****
make -j12 all 
make: Nothing to be done for 'all'.
18:45:02 **** Incremental Build of configuration x86_64-debug for project metronome ****
make -j12 all 
qcc -Vgcc_ntox86_64 -c -Wp,-MMD,build/x86_64-debug/src/metronome.d,-MT,build/x86_64-debug/src/metronome.o -o build/x86_64-debug/src/metronome.o  -Wall -fmessage-length=0 -g -O0 -fno-builtin  src/metronome.c
qcc -Vgcc_ntox86_64 -o build/x86_64-debug/metronome   build/x86_64-debug/src/metronome.o  
18:46:56 **** Incremental Build of configuration x86_64-debug for project metronome ****
make -j12 all 
qcc -Vgcc_ntox86_64 -c -Wp,-MMD,build/x86_64-debug/src/metronome.d,-MT,build/x86_64-debug/src/metronome.o -o build/x86_64-debug/src/metronome.o  -Wall -fmessage-length=0 -g -O0 -fno-builtin  src/metronome.c
qcc -Vgcc_ntox86_64 -o build/x86_64-debug/metronome   build/x86_64-debug/src/metronome.o  
18:56:19 **** Incremental Build of configuration x86_64-debug for project metronome ****
make -j12 all 
qcc -Vgcc_ntox86_64 -c -Wp,-MMD,build/x86_64-debug/src/metronome.d,-MT,build/x86_64-debug/src/metronome.o -o build/x86_64-debug/src/metronome.o  -Wall -fmessage-length=0 -g -O0 -fno-builtin  src/metronome.c
qcc -Vgcc_ntox86_64 -o build/x86_64-debug/metronome   build/x86_64-debug/src/metronome.o  
18:57:43 **** Incremental Build of configuration x86_64-debug for project metronome ****
make -j12 all 
qcc -Vgcc_ntox86_64 -c -Wp,-MMD,build/x86_64-debug/src/metronome.d,-MT,build/x86_64-debug/src/metronome.o -o build/x86_64-debug/src/metronome.o  -Wall -fmessage-length=0 -g -O0 -fno-builtin  src/metronome.c
qcc -Vgcc_ntox86_64 -o build/x86_64-debug/metronome   build/x86_64-debug/src/metronome.o  
19:00:45 **** Incremental Build of configuration x86_64-debug for project metronome ****
make -j12 all 
qcc -Vgcc_ntox86_64 -c -Wp,-MMD,build/x86_64-debug/src/metronome.d,-MT,build/x86_64-debug/src/metronome.o -o build/x86_64-debug/src/metronome.o  -Wall -fmessage-length=0 -g -O0 -fno-builtin  src/metronome.c
qcc -Vgcc_ntox86_64 -o build/x86_64-debug/metronome   build/x86_64-debug/src/metronome.o  
19:01:22 **** Incremental Build of configuration x86_64-debug for project metronome ****
make -j12 all 
qcc -Vgcc_ntox86_64 -c -Wp,-MMD,build/x86_64-debug/src/metronome.d,-MT,build/x86_64-debug/src/metronome.o -o build/x86_64-debug/src/metronome.o  -Wall -fmessage-length=0 -g -O0 -fno-builtin  src/metronome.c
qcc -Vgcc_ntox86_64 -o build/x86_64-debug/metronome   build/x86_64-debug/src/metronome.o  
19:07:53 **** Incremental Build of configuration x86_64-debug for project metronome ****
make -j12 all 
qcc -Vgcc_ntox86_64 -c -Wp,-MMD,build/x86_64-debug/src/metronome.d,-MT,build/x86_64-debug/src/metronome.o -o build/x86_64-debug/src/metronome.o  -Wall -fmessage-length=0 -g -O0 -fno-builtin  src/metronome.c
qcc -Vgcc_ntox86_64 -o build/x86_64-debug/metronome   build/x86_64-debug/src/metronome.o  
19:12:54 **** Incremental Build of configuration x86_64-debug for project metronome ****
make -j12 all 
make: Nothing to be done for 'all'.
19:16:45 **** Incremental Build of configuration x86_64-debug for project metronome ****
make -j12 all 
qcc -Vgcc_ntox86_64 -c -Wp,-MMD,build/x86_64-debug/src/metronome.d,-MT,build/x86_64-debug/src/metronome.o -o build/x86_64-debug/src/metronome.o  -Wall -fmessage-length=0 -g -O0 -fno-builtin  src/metronome.c
qcc -Vgcc_ntox86_64 -o build/x86_64-debug/metronome   build/x86_64-debug/src/metronome.o  
19:19:34 **** Incremental Build of configuration x86_64-debug for project metronome ****
make -j12 all 
make: Nothing to be done for 'all'.
19:20:30 **** Incremental Build of configuration x86_64-debug for project metronome ****
make -j12 all 
qcc -Vgcc_ntox86_64 -c -Wp,-MMD,build/x86_64-debug/src/metronome.d,-MT,build/x86_64-debug/src/metronome.o -o build/x86_64-debug/src/metronome.o  -Wall -fmessage-length=0 -g -O0 -fno-builtin  src/metronome.c
qcc -Vgcc_ntox86_64 -o build/x86_64-debug/metronome   build/x86_64-debug/src/metronome.o  
19:29:46 **** Incremental Build of configuration x86_64-debug for project metronome ****
make -j12 all 
qcc -Vgcc_ntox86_64 -c -Wp,-MMD,build/x86_64-debug/src/metronome.d,-MT,build/x86_64-debug/src/metronome.o -o build/x86_64-debug/src/metronome.o  -Wall -fmessage-length=0 -g -O0 -fno-builtin  src/metronome.c
src/metronome.c: In function 'childThread':
src/metronome.c:210:6: warning: statement with no effect [-Wunused-value]
      printOutput
      ^
src/metronome.c:211:5: error: expected ';' before '}' token
     }
     ^
cc: C:/Users/Andre/qnx700/host/win64/x86_64/usr/lib/gcc/x86_64-pc-nto-qnx7.0.0/5.4.0/cc1 caught signal 1
Makefile:55: recipe for target 'build/x86_64-debug/src/metronome.o' failed
make: *** [build/x86_64-debug/src/metronome.o] Error 1
19:29:53 **** Incremental Build of configuration x86_64-debug for project metronome ****
make -j12 all 
qcc -Vgcc_ntox86_64 -c -Wp,-MMD,build/x86_64-debug/src/metronome.d,-MT,build/x86_64-debug/src/metronome.o -o build/x86_64-debug/src/metronome.o  -Wall -fmessage-length=0 -g -O0 -fno-builtin  src/metronome.c
qcc -Vgcc_ntox86_64 -o build/x86_64-debug/metronome   build/x86_64-debug/src/metronome.o  
19:32:20 **** Incremental Build of configuration x86_64-debug for project metronome ****
make -j12 all 
qcc -Vgcc_ntox86_64 -c -Wp,-MMD,build/x86_64-debug/src/metronome.d,-MT,build/x86_64-debug/src/metronome.o -o build/x86_64-debug/src/metronome.o  -Wall -fmessage-length=0 -g -O0 -fno-builtin  src/metronome.c
qcc -Vgcc_ntox86_64 -o build/x86_64-debug/metronome   build/x86_64-debug/src/metronome.o  
19:35:30 **** Incremental Build of configuration x86_64-debug for project metronome ****
make -j12 all 
make: Nothing to be done for 'all'.
19:36:10 **** Incremental Build of configuration x86_64-debug for project metronome ****
make -j12 all 
qcc -Vgcc_ntox86_64 -c -Wp,-MMD,build/x86_64-debug/src/metronome.d,-MT,build/x86_64-debug/src/metronome.o -o build/x86_64-debug/src/metronome.o  -Wall -fmessage-length=0 -g -O0 -fno-builtin  src/metronome.c
qcc -Vgcc_ntox86_64 -o build/x86_64-debug/metronome   build/x86_64-debug/src/metronome.o  
19:37:04 **** Incremental Build of configuration x86_64-debug for project metronome ****
make -j12 all 
qcc -Vgcc_ntox86_64 -c -Wp,-MMD,build/x86_64-debug/src/metronome.d,-MT,build/x86_64-debug/src/metronome.o -o build/x86_64-debug/src/metronome.o  -Wall -fmessage-length=0 -g -O0 -fno-builtin  src/metronome.c
qcc -Vgcc_ntox86_64 -o build/x86_64-debug/metronome   build/x86_64-debug/src/metronome.o  
19:37:28 **** Incremental Build of configuration x86_64-debug for project metronome ****
make -j12 all 
qcc -Vgcc_ntox86_64 -c -Wp,-MMD,build/x86_64-debug/src/metronome.d,-MT,build/x86_64-debug/src/metronome.o -o build/x86_64-debug/src/metronome.o  -Wall -fmessage-length=0 -g -O0 -fno-builtin  src/metronome.c
qcc -Vgcc_ntox86_64 -o build/x86_64-debug/metronome   build/x86_64-debug/src/metronome.o  
19:37:52 **** Incremental Build of configuration x86_64-debug for project metronome ****
make -j12 all 
make: Nothing to be done for 'all'.
19:38:25 **** Incremental Build of configuration x86_64-debug for project metronome ****
make -j12 all 
qcc -Vgcc_ntox86_64 -c -Wp,-MMD,build/x86_64-debug/src/metronome.d,-MT,build/x86_64-debug/src/metronome.o -o build/x86_64-debug/src/metronome.o  -Wall -fmessage-length=0 -g -O0 -fno-builtin  src/metronome.c
qcc -Vgcc_ntox86_64 -o build/x86_64-debug/metronome   build/x86_64-debug/src/metronome.o  
20:28:32 **** Incremental Build of configuration x86_64-debug for project metronome ****
make -j12 all 
make: Nothing to be done for 'all'.
20:29:45 **** Incremental Build of configuration x86_64-debug for project metronome ****
make -j12 all 
qcc -Vgcc_ntox86_64 -c -Wp,-MMD,build/x86_64-debug/src/metronome.d,-MT,build/x86_64-debug/src/metronome.o -o build/x86_64-debug/src/metronome.o  -Wall -fmessage-length=0 -g -O0 -fno-builtin  src/metronome.c
qcc -Vgcc_ntox86_64 -o build/x86_64-debug/metronome   build/x86_64-debug/src/metronome.o  
20:31:42 **** Incremental Build of configuration x86_64-debug for project metronome ****
make -j12 all 
make: Nothing to be done for 'all'.
20:32:35 **** Incremental Build of configuration x86_64-debug for project metronome ****
make -j12 all 
qcc -Vgcc_ntox86_64 -c -Wp,-MMD,build/x86_64-debug/src/metronome.d,-MT,build/x86_64-debug/src/metronome.o -o build/x86_64-debug/src/metronome.o  -Wall -fmessage-length=0 -g -O0 -fno-builtin  src/metronome.c
qcc -Vgcc_ntox86_64 -o build/x86_64-debug/metronome   build/x86_64-debug/src/metronome.o  
20:33:32 **** Incremental Build of configuration x86_64-debug for project metronome ****
make -j12 all 
qcc -Vgcc_ntox86_64 -c -Wp,-MMD,build/x86_64-debug/src/metronome.d,-MT,build/x86_64-debug/src/metronome.o -o build/x86_64-debug/src/metronome.o  -Wall -fmessage-length=0 -g -O0 -fno-builtin  src/metronome.c
qcc -Vgcc_ntox86_64 -o build/x86_64-debug/metronome   build/x86_64-debug/src/metronome.o  
20:35:17 **** Incremental Build of configuration x86_64-debug for project metronome ****
make -j12 all 
qcc -Vgcc_ntox86_64 -c -Wp,-MMD,build/x86_64-debug/src/metronome.d,-MT,build/x86_64-debug/src/metronome.o -o build/x86_64-debug/src/metronome.o  -Wall -fmessage-length=0 -g -O0 -fno-builtin  src/metronome.c
qcc -Vgcc_ntox86_64 -o build/x86_64-debug/metronome   build/x86_64-debug/src/metronome.o  
20:36:14 **** Incremental Build of configuration x86_64-debug for project metronome ****
make -j12 all 
qcc -Vgcc_ntox86_64 -c -Wp,-MMD,build/x86_64-debug/src/metronome.d,-MT,build/x86_64-debug/src/metronome.o -o build/x86_64-debug/src/metronome.o  -Wall -fmessage-length=0 -g -O0 -fno-builtin  src/metronome.c
qcc -Vgcc_ntox86_64 -o build/x86_64-debug/metronome   build/x86_64-debug/src/metronome.o  
20:45:17 **** Incremental Build of configuration x86_64-debug for project metronome ****
make -j12 all 
qcc -Vgcc_ntox86_64 -c -Wp,-MMD,build/x86_64-debug/src/metronome.d,-MT,build/x86_64-debug/src/metronome.o -o build/x86_64-debug/src/metronome.o  -Wall -fmessage-length=0 -g -O0 -fno-builtin  src/metronome.c
qcc -Vgcc_ntox86_64 -o build/x86_64-debug/metronome   build/x86_64-debug/src/metronome.o  
20:46:28 **** Incremental Build of configuration x86_64-debug for project metronome ****
make -j12 all 
make: Nothing to be done for 'all'.
20:46:29 **** Incremental Build of configuration x86_64-debug for project metronome ****
make -j12 all 
make: Nothing to be done for 'all'.
20:47:27 **** Incremental Build of configuration x86_64-debug for project metronome ****
make -j12 all 
qcc -Vgcc_ntox86_64 -c -Wp,-MMD,build/x86_64-debug/src/metronome.d,-MT,build/x86_64-debug/src/metronome.o -o build/x86_64-debug/src/metronome.o  -Wall -fmessage-length=0 -g -O0 -fno-builtin  src/metronome.c
qcc -Vgcc_ntox86_64 -o build/x86_64-debug/metronome   build/x86_64-debug/src/metronome.o  
20:48:30 **** Incremental Build of configuration x86_64-debug for project metronome ****
make -j12 all 
qcc -Vgcc_ntox86_64 -c -Wp,-MMD,build/x86_64-debug/src/metronome.d,-MT,build/x86_64-debug/src/metronome.o -o build/x86_64-debug/src/metronome.o  -Wall -fmessage-length=0 -g -O0 -fno-builtin  src/metronome.c
qcc -Vgcc_ntox86_64 -o build/x86_64-debug/metronome   build/x86_64-debug/src/metronome.o  
20:49:43 **** Incremental Build of configuration x86_64-debug for project metronome ****
make -j12 all 
qcc -Vgcc_ntox86_64 -c -Wp,-MMD,build/x86_64-debug/src/metronome.d,-MT,build/x86_64-debug/src/metronome.o -o build/x86_64-debug/src/metronome.o  -Wall -fmessage-length=0 -g -O0 -fno-builtin  src/metronome.c
qcc -Vgcc_ntox86_64 -o build/x86_64-debug/metronome   build/x86_64-debug/src/metronome.o  
20:50:10 **** Incremental Build of configuration x86_64-debug for project metronome ****
make -j12 all 
qcc -Vgcc_ntox86_64 -c -Wp,-MMD,build/x86_64-debug/src/metronome.d,-MT,build/x86_64-debug/src/metronome.o -o build/x86_64-debug/src/metronome.o  -Wall -fmessage-length=0 -g -O0 -fno-builtin  src/metronome.c
qcc -Vgcc_ntox86_64 -o build/x86_64-debug/metronome   build/x86_64-debug/src/metronome.o  
20:51:44 **** Incremental Build of configuration x86_64-debug for project metronome ****
make -j12 all 
qcc -Vgcc_ntox86_64 -c -Wp,-MMD,build/x86_64-debug/src/metronome.d,-MT,build/x86_64-debug/src/metronome.o -o build/x86_64-debug/src/metronome.o  -Wall -fmessage-length=0 -g -O0 -fno-builtin  src/metronome.c
qcc -Vgcc_ntox86_64 -o build/x86_64-debug/metronome   build/x86_64-debug/src/metronome.o  
20:53:15 **** Incremental Build of configuration x86_64-debug for project metronome ****
make -j12 all 
qcc -Vgcc_ntox86_64 -c -Wp,-MMD,build/x86_64-debug/src/metronome.d,-MT,build/x86_64-debug/src/metronome.o -o build/x86_64-debug/src/metronome.o  -Wall -fmessage-length=0 -g -O0 -fno-builtin  src/metronome.c
qcc -Vgcc_ntox86_64 -o build/x86_64-debug/metronome   build/x86_64-debug/src/metronome.o  
20:55:53 **** Incremental Build of configuration x86_64-debug for project metronome ****
make -j12 all 
qcc -Vgcc_ntox86_64 -c -Wp,-MMD,build/x86_64-debug/src/metronome.d,-MT,build/x86_64-debug/src/metronome.o -o build/x86_64-debug/src/metronome.o  -Wall -fmessage-length=0 -g -O0 -fno-builtin  src/metronome.c
qcc -Vgcc_ntox86_64 -o build/x86_64-debug/metronome   build/x86_64-debug/src/metronome.o  
20:58:01 **** Incremental Build of configuration x86_64-debug for project metronome ****
make -j12 all 
qcc -Vgcc_ntox86_64 -c -Wp,-MMD,build/x86_64-debug/src/metronome.d,-MT,build/x86_64-debug/src/metronome.o -o build/x86_64-debug/src/metronome.o  -Wall -fmessage-length=0 -g -O0 -fno-builtin  src/metronome.c
qcc -Vgcc_ntox86_64 -o build/x86_64-debug/metronome   build/x86_64-debug/src/metronome.o  
20:59:53 **** Incremental Build of configuration x86_64-debug for project metronome ****
make -j12 all 
qcc -Vgcc_ntox86_64 -c -Wp,-MMD,build/x86_64-debug/src/metronome.d,-MT,build/x86_64-debug/src/metronome.o -o build/x86_64-debug/src/metronome.o  -Wall -fmessage-length=0 -g -O0 -fno-builtin  src/metronome.c
qcc -Vgcc_ntox86_64 -o build/x86_64-debug/metronome   build/x86_64-debug/src/metronome.o  
21:01:50 **** Incremental Build of configuration x86_64-debug for project metronome ****
make -j12 all 
qcc -Vgcc_ntox86_64 -c -Wp,-MMD,build/x86_64-debug/src/metronome.d,-MT,build/x86_64-debug/src/metronome.o -o build/x86_64-debug/src/metronome.o  -Wall -fmessage-length=0 -g -O0 -fno-builtin  src/metronome.c
src/metronome.c: In function 'childThread':
src/metronome.c:207:11: warning: unused variable 'sleepTime' [-Wunused-variable]
       int sleepTime = msg.pulse.value.sival_int;
           ^
qcc -Vgcc_ntox86_64 -o build/x86_64-debug/metronome   build/x86_64-debug/src/metronome.o  
21:01:57 **** Incremental Build of configuration x86_64-debug for project metronome ****
make -j12 all 
make: Nothing to be done for 'all'.
21:02:52 **** Incremental Build of configuration x86_64-debug for project metronome ****
make -j12 all 
make: Nothing to be done for 'all'.
22:36:18 **** Incremental Build of configuration x86_64-debug for project metronome ****
make -j12 all 
qcc -Vgcc_ntox86_64 -c -Wp,-MMD,build/x86_64-debug/src/metronome.d,-MT,build/x86_64-debug/src/metronome.o -o build/x86_64-debug/src/metronome.o  -Wall -fmessage-length=0 -g -O0 -fno-builtin  src/metronome.c
src/metronome.c: In function 'childThread':
src/metronome.c:209:11: warning: unused variable 'sleepTime' [-Wunused-variable]
       int sleepTime = msg.pulse.value.sival_int;
           ^
qcc -Vgcc_ntox86_64 -o build/x86_64-debug/metronome   build/x86_64-debug/src/metronome.o  
22:37:08 **** Incremental Build of configuration x86_64-debug for project metronome ****
make -j12 all 
qcc -Vgcc_ntox86_64 -c -Wp,-MMD,build/x86_64-debug/src/metronome.d,-MT,build/x86_64-debug/src/metronome.o -o build/x86_64-debug/src/metronome.o  -Wall -fmessage-length=0 -g -O0 -fno-builtin  src/metronome.c
src/metronome.c: In function 'childThread':
src/metronome.c:209:11: warning: unused variable 'sleepTime' [-Wunused-variable]
       int sleepTime = msg.pulse.value.sival_int;
           ^
qcc -Vgcc_ntox86_64 -o build/x86_64-debug/metronome   build/x86_64-debug/src/metronome.o  
22:53:09 **** Incremental Build of configuration x86_64-debug for project metronome ****
make -j12 all 
make: Nothing to be done for 'all'.
